<?xml version="1.0" encoding="UTF-8"?>
<!-- Generated by org.testng.reporters.JUnitXMLReporter -->
<testsuite hostname="LAPTOP-CSBQP1RP" failures="0" tests="6" name="Default test" time="0.09" errors="0" timestamp="28 Nov 2019 21:53:27 GMT">
  <testcase classname="Parcours.Az2" name="Moins" time="0.023"/>
  <testcase classname="Parcours.Az2" name="Mul" time="0.0"/>
  <testcase classname="Parcours.Az2" name="add" time="0.0"/>
  <testcase classname="Parcours.Az" name="Moins" time="0.003"/>
  <testcase classname="Parcours.Az" name="Mul" time="0.003"/>
  <testcase classname="Parcours.Az" name="add" time="0.002"/>
</testsuite> <!-- Default test -->
