<?xml version="1.0" encoding="UTF-8"?>
<!-- Generated by org.testng.reporters.JUnitXMLReporter -->
<testsuite hostname="LAPTOP-CSBQP1RP" failures="0" tests="7" name="MainTest" time="87.73" errors="0" timestamp="29 Nov 2019 17:13:34 GMT">
  <testcase classname="parcours.Az" name="Moins" time="0.091"/>
  <testcase classname="parcours.Az" name="Mul" time="0.004"/>
  <testcase classname="parcours.Az" name="add" time="0.002"/>
  <testcase classname="parcours.Az2" name="Moins" time="0.003"/>
  <testcase classname="parcours.Az2" name="Mul" time="0.002"/>
  <testcase classname="parcours.Az2" name="add" time="0.002"/>
  <testcase classname="parcours.Main" name="main" time="87.52"/>
</testsuite> <!-- MainTest -->
