<?xml version="1.0" encoding="UTF-8"?>
<testng-results total="7" passed="7" failed="0" skipped="0">
  <reporter-output>
  </reporter-output>
  <suite started-at="2019-11-29T17:12:06Z" name="sampleTest" finished-at="2019-11-29T17:13:34Z" duration-ms="87730">
    <groups>
    </groups>
    <test started-at="2019-11-29T17:12:06Z" name="MainTest" finished-at="2019-11-29T17:13:34Z" duration-ms="87730">
      <class name="parcours.Main">
        <test-method signature="main()[pri:0, instance:parcours.Main@1176dcec]" started-at="2019-11-29T18:12:06Z" name="main" finished-at="2019-11-29T18:13:34Z" duration-ms="87520" status="PASS">
          <reporter-output>
          </reporter-output>
        </test-method> <!-- main -->
      </class> <!-- parcours.Main -->
      <class name="parcours.Az">
        <test-method signature="Moins()[pri:0, instance:parcours.Az@1dd02175]" started-at="2019-11-29T18:12:06Z" name="Moins" finished-at="2019-11-29T18:12:06Z" duration-ms="91" status="PASS">
          <reporter-output>
          </reporter-output>
        </test-method> <!-- Moins -->
        <test-method signature="Mul()[pri:0, instance:parcours.Az@1dd02175]" started-at="2019-11-29T18:12:06Z" name="Mul" finished-at="2019-11-29T18:12:06Z" duration-ms="4" status="PASS">
          <reporter-output>
          </reporter-output>
        </test-method> <!-- Mul -->
        <test-method signature="add()[pri:0, instance:parcours.Az@1dd02175]" started-at="2019-11-29T18:12:06Z" name="add" finished-at="2019-11-29T18:12:06Z" duration-ms="2" status="PASS">
          <reporter-output>
          </reporter-output>
        </test-method> <!-- add -->
      </class> <!-- parcours.Az -->
      <class name="parcours.Az2">
        <test-method signature="Moins()[pri:0, instance:parcours.Az2@23bb8443]" started-at="2019-11-29T18:12:06Z" name="Moins" finished-at="2019-11-29T18:12:06Z" duration-ms="3" status="PASS">
          <reporter-output>
          </reporter-output>
        </test-method> <!-- Moins -->
        <test-method signature="Mul()[pri:0, instance:parcours.Az2@23bb8443]" started-at="2019-11-29T18:12:06Z" name="Mul" finished-at="2019-11-29T18:12:06Z" duration-ms="2" status="PASS">
          <reporter-output>
          </reporter-output>
        </test-method> <!-- Mul -->
        <test-method signature="add()[pri:0, instance:parcours.Az2@23bb8443]" started-at="2019-11-29T18:12:06Z" name="add" finished-at="2019-11-29T18:12:06Z" duration-ms="2" status="PASS">
          <reporter-output>
          </reporter-output>
        </test-method> <!-- add -->
      </class> <!-- parcours.Az2 -->
    </test> <!-- MainTest -->
  </suite> <!-- sampleTest -->
</testng-results>
