<?xml version="1.0" encoding="UTF-8"?>
<testsuite xmlns:xsi="http://www.w3.org/2001/XMLSchema-instance" xsi:noNamespaceSchemaLocation="https://maven.apache.org/surefire/maven-surefire-plugin/xsd/surefire-test-report.xsd" name="TestSuite" time="90.836" tests="7" errors="0" skipped="0" failures="0">
  <properties>
[...]
</properties>
  <testcase name="Moins" classname="parcours.Az" time="0.089"/>
  <testcase name="Mul" classname="parcours.Az" time="0.004"/>
  <testcase name="add" classname="parcours.Az" time="0.002"/>
  <testcase name="Moins" classname="parcours.Az2" time="0.004"/>
  <testcase name="Mul" classname="parcours.Az2" time="0.004"/>
  <testcase name="add" classname="parcours.Az2" time="0.002"/>
  <testcase name="main" classname="parcours.Main" time="87.57"/>
</testsuite>